2020-02-06 23:51:09.733 INFO  [com.gabriel.stage.StageApplication-87][] Starting StageApplication on LAPTOP-201GDMOO with PID 6128 (started by 杨强 in D:\IDEA Project\stage)
2020-02-06 23:51:09.740 INFO  [com.gabriel.stage.StageApplication-87][] No active profile set, falling back to default profiles: default
2020-02-06 23:51:09.840 INFO  [org.springframework.boot.web.servlet.context.AnnotationConfigServletWebServerApplicationContext-87][] Refreshing org.springframework.boot.web.servlet.context.AnnotationConfigServletWebServerApplicationContext@12a01d4: startup date [Thu Feb 06 23:51:09 CST 2020]; root of context hierarchy
2020-02-06 23:51:11.007 INFO  [org.springframework.data.repository.config.RepositoryConfigurationDelegate-163][] Multiple Spring Data modules found, entering strict repository configuration mode!
2020-02-06 23:51:11.426 INFO  [com.ulisesbocchio.jasyptspringboot.configuration.EnableEncryptablePropertiesBeanFactoryPostProcessor-48][] Post-processing PropertySource instances
2020-02-06 23:51:11.508 INFO  [com.ulisesbocchio.jasyptspringboot.EncryptablePropertySourceConverter-38][] Converting PropertySource configurationProperties [org.springframework.boot.context.properties.source.ConfigurationPropertySourcesPropertySource] to AOP Proxy
2020-02-06 23:51:11.510 INFO  [com.ulisesbocchio.jasyptspringboot.EncryptablePropertySourceConverter-38][] Converting PropertySource servletConfigInitParams [org.springframework.core.env.PropertySource$StubPropertySource] to EncryptablePropertySourceWrapper
2020-02-06 23:51:11.511 INFO  [com.ulisesbocchio.jasyptspringboot.EncryptablePropertySourceConverter-38][] Converting PropertySource servletContextInitParams [org.springframework.core.env.PropertySource$StubPropertySource] to EncryptablePropertySourceWrapper
2020-02-06 23:51:11.512 INFO  [com.ulisesbocchio.jasyptspringboot.EncryptablePropertySourceConverter-38][] Converting PropertySource systemProperties [org.springframework.core.env.MapPropertySource] to EncryptableMapPropertySourceWrapper
2020-02-06 23:51:11.512 INFO  [com.ulisesbocchio.jasyptspringboot.EncryptablePropertySourceConverter-38][] Converting PropertySource systemEnvironment [org.springframework.boot.env.SystemEnvironmentPropertySourceEnvironmentPostProcessor$OriginAwareSystemEnvironmentPropertySource] to EncryptableMapPropertySourceWrapper
2020-02-06 23:51:11.512 INFO  [com.ulisesbocchio.jasyptspringboot.EncryptablePropertySourceConverter-38][] Converting PropertySource random [org.springframework.boot.env.RandomValuePropertySource] to EncryptablePropertySourceWrapper
2020-02-06 23:51:11.512 INFO  [com.ulisesbocchio.jasyptspringboot.EncryptablePropertySourceConverter-38][] Converting PropertySource applicationConfig: [classpath:/application.yml] [org.springframework.boot.env.OriginTrackedMapPropertySource] to EncryptableMapPropertySourceWrapper
2020-02-06 23:51:11.769 INFO  [org.springframework.context.support.PostProcessorRegistrationDelegate$BeanPostProcessorChecker-87][] Bean 'org.springframework.transaction.annotation.ProxyTransactionManagementConfiguration' of type [org.springframework.transaction.annotation.ProxyTransactionManagementConfiguration$$EnhancerBySpringCGLIB$$828576cf] is not eligible for getting processed by all BeanPostProcessors (for example: not eligible for auto-proxying)
2020-02-06 23:51:12.403 INFO  [org.springframework.boot.web.embedded.tomcat.TomcatWebServer-87][] Tomcat initialized with port(s): 8888 (http)
2020-02-06 23:51:12.431 INFO  [org.apache.coyote.http11.Http11NioProtocol-180][] Initializing ProtocolHandler ["http-nio-8888"]
2020-02-06 23:51:12.448 INFO  [org.apache.catalina.core.StandardService-180][] Starting service [Tomcat]
2020-02-06 23:51:12.449 INFO  [org.apache.catalina.core.StandardEngine-180][] Starting Servlet Engine: Apache Tomcat/8.5.31
2020-02-06 23:51:12.455 INFO  [org.apache.catalina.core.AprLifecycleListener-180][] The APR based Apache Tomcat Native library which allows optimal performance in production environments was not found on the java.library.path: [D:\Java\jdk1.8.0_202\bin;C:\Windows\Sun\Java\bin;C:\Windows\system32;C:\Windows;C:\Program Files (x86)\Common Files\Oracle\Java\javapath;C:\Windows\system32;C:\Windows;C:\Windows\System32\Wbem;C:\Windows\System32\WindowsPowerShell\v1.0\;C:\Windows\System32\OpenSSH\;D:\Java\jdk1.8.0_202\bin;D:\Java\jdk1.8.0_202\jre\bin;D:\SVN\bin;D:\Git\bin;D:\Git\Git\cmd;C:\Users\杨强\AppData\Local\Microsoft\WindowsApps;;D:\IntelliJ IDEA\IntelliJ IDEA 2018.3.5\bin;;D:\PyCharm\PyCharm 2019.3.1\bin;;.]
2020-02-06 23:51:12.626 INFO  [org.apache.catalina.core.ContainerBase.[Tomcat].[localhost].[/]-180][] Initializing Spring embedded WebApplicationContext
2020-02-06 23:51:12.626 INFO  [org.springframework.web.context.ContextLoader-87][] Root WebApplicationContext: initialization completed in 2786 ms
2020-02-06 23:51:12.891 INFO  [org.springframework.boot.web.servlet.ServletRegistrationBean-87][] Servlet dispatcherServlet mapped to [/]
2020-02-06 23:51:12.898 INFO  [org.springframework.boot.web.servlet.FilterRegistrationBean-87][] Mapping filter: 'characterEncodingFilter' to: [/*]
2020-02-06 23:51:12.899 INFO  [org.springframework.boot.web.servlet.FilterRegistrationBean-87][] Mapping filter: 'hiddenHttpMethodFilter' to: [/*]
2020-02-06 23:51:12.899 INFO  [org.springframework.boot.web.servlet.FilterRegistrationBean-87][] Mapping filter: 'httpPutFormContentFilter' to: [/*]
2020-02-06 23:51:12.900 INFO  [org.springframework.boot.web.servlet.FilterRegistrationBean-87][] Mapping filter: 'requestContextFilter' to: [/*]
2020-02-06 23:51:12.900 INFO  [org.springframework.boot.web.servlet.FilterRegistrationBean-87][] Mapping filter: 'threadLocalFilter' to: [/*]
2020-02-06 23:51:12.920 INFO  [com.gabriel.stage.config.ThreadLocalFilter-25][] 过滤器初始化
2020-02-06 23:51:13.201 INFO  [com.alibaba.druid.spring.boot.autoconfigure.DruidDataSourceAutoConfigure-56][] Init DruidDataSource
2020-02-06 23:51:13.314 INFO  [com.ulisesbocchio.jasyptspringboot.resolver.DefaultLazyPropertyResolver-34][] Property Resolver custom Bean not found with name 'encryptablePropertyResolver'. Initializing Default Property Resolver
2020-02-06 23:51:13.317 INFO  [com.ulisesbocchio.jasyptspringboot.detector.DefaultLazyPropertyDetector-31][] Property Detector custom Bean not found with name 'encryptablePropertyDetector'. Initializing Default Property Detector
2020-02-06 23:51:13.319 INFO  [com.ulisesbocchio.jasyptspringboot.encryptor.DefaultLazyEncryptor-33][] String Encryptor custom Bean not found with name 'jasyptStringEncryptor'. Initializing Default String Encryptor
2020-02-06 23:51:13.328 INFO  [com.ulisesbocchio.jasyptspringboot.encryptor.DefaultLazyEncryptor-59][] Encryptor config not found for property jasypt.encryptor.algorithm, using default value: PBEWithMD5AndDES
2020-02-06 23:51:13.329 INFO  [com.ulisesbocchio.jasyptspringboot.encryptor.DefaultLazyEncryptor-59][] Encryptor config not found for property jasypt.encryptor.keyObtentionIterations, using default value: 1000
2020-02-06 23:51:13.330 INFO  [com.ulisesbocchio.jasyptspringboot.encryptor.DefaultLazyEncryptor-59][] Encryptor config not found for property jasypt.encryptor.poolSize, using default value: 1
2020-02-06 23:51:13.330 INFO  [com.ulisesbocchio.jasyptspringboot.encryptor.DefaultLazyEncryptor-59][] Encryptor config not found for property jasypt.encryptor.providerName, using default value: null
2020-02-06 23:51:13.330 INFO  [com.ulisesbocchio.jasyptspringboot.encryptor.DefaultLazyEncryptor-59][] Encryptor config not found for property jasypt.encryptor.providerClassName, using default value: null
2020-02-06 23:51:13.331 INFO  [com.ulisesbocchio.jasyptspringboot.encryptor.DefaultLazyEncryptor-59][] Encryptor config not found for property jasypt.encryptor.saltGeneratorClassname, using default value: org.jasypt.salt.RandomSaltGenerator
2020-02-06 23:51:13.333 INFO  [com.ulisesbocchio.jasyptspringboot.encryptor.DefaultLazyEncryptor-59][] Encryptor config not found for property jasypt.encryptor.stringOutputType, using default value: base64
2020-02-06 23:51:16.370 INFO  [com.alibaba.druid.pool.DruidDataSource-1010][] {dataSource-1} inited
2020-02-06 23:51:17.721 INFO  [com.gabriel.stage.utils.IdGenerator-30][] 当前机器 workerId: 3232235624
2020-02-06 23:51:17.863 INFO  [org.springframework.web.servlet.handler.SimpleUrlHandlerMapping-87][] Mapped URL path [/**/favicon.ico] onto handler of type [class org.springframework.web.servlet.resource.ResourceHttpRequestHandler]
2020-02-06 23:51:18.102 INFO  [org.springframework.web.servlet.mvc.method.annotation.RequestMappingHandlerAdapter-87][] Looking for @ControllerAdvice: org.springframework.boot.web.servlet.context.AnnotationConfigServletWebServerApplicationContext@12a01d4: startup date [Thu Feb 06 23:51:09 CST 2020]; root of context hierarchy
2020-02-06 23:51:18.198 INFO  [org.springframework.web.servlet.mvc.method.annotation.RequestMappingHandlerMapping-87][] Mapped "{[/v1/api/test],methods=[GET]}" onto public com.gabriel.stage.common.Result com.gabriel.stage.controller.TestController.test()
2020-02-06 23:51:18.199 INFO  [org.springframework.web.servlet.mvc.method.annotation.RequestMappingHandlerMapping-87][] Mapped "{[/v1/api/add],methods=[GET]}" onto public void com.gabriel.stage.controller.TestController.createData()
2020-02-06 23:51:18.200 INFO  [org.springframework.web.servlet.mvc.method.annotation.RequestMappingHandlerMapping-87][] Mapped "{[/v1/api/testTL],methods=[GET]}" onto public java.lang.String com.gabriel.stage.controller.TestController.testThreadLocal()
2020-02-06 23:51:18.204 INFO  [org.springframework.web.servlet.mvc.method.annotation.RequestMappingHandlerMapping-87][] Mapped "{[/error]}" onto public org.springframework.http.ResponseEntity<java.util.Map<java.lang.String, java.lang.Object>> org.springframework.boot.autoconfigure.web.servlet.error.BasicErrorController.error(javax.servlet.http.HttpServletRequest)
2020-02-06 23:51:18.205 INFO  [org.springframework.web.servlet.mvc.method.annotation.RequestMappingHandlerMapping-87][] Mapped "{[/error],produces=[text/html]}" onto public org.springframework.web.servlet.ModelAndView org.springframework.boot.autoconfigure.web.servlet.error.BasicErrorController.errorHtml(javax.servlet.http.HttpServletRequest,javax.servlet.http.HttpServletResponse)
2020-02-06 23:51:18.258 INFO  [org.springframework.web.servlet.handler.SimpleUrlHandlerMapping-87][] Mapped URL path [/webjars/**] onto handler of type [class org.springframework.web.servlet.resource.ResourceHttpRequestHandler]
2020-02-06 23:51:18.259 INFO  [org.springframework.web.servlet.handler.SimpleUrlHandlerMapping-87][] Mapped URL path [/**] onto handler of type [class org.springframework.web.servlet.resource.ResourceHttpRequestHandler]
2020-02-06 23:51:18.281 INFO  [org.springframework.web.servlet.mvc.method.annotation.ExceptionHandlerExceptionResolver-87][] Detected @ExceptionHandler methods in globalExceptionControllerAdvice
2020-02-06 23:51:18.892 INFO  [org.springframework.ui.freemarker.SpringTemplateLoader-87][] SpringTemplateLoader for FreeMarker: using resource loader [org.springframework.boot.web.servlet.context.AnnotationConfigServletWebServerApplicationContext@12a01d4: startup date [Thu Feb 06 23:51:09 CST 2020]; root of context hierarchy] and template loader path [classpath:/templates/]
2020-02-06 23:51:18.894 INFO  [org.springframework.web.servlet.view.freemarker.FreeMarkerConfigurer-87][] ClassTemplateLoader for Spring macros added to FreeMarker configuration
2020-02-06 23:51:19.170 INFO  [org.springframework.jmx.export.annotation.AnnotationMBeanExporter-87][] Registering beans for JMX exposure on startup
2020-02-06 23:51:19.172 INFO  [org.springframework.jmx.export.annotation.AnnotationMBeanExporter-87][] Bean with name 'dataSource' has been autodetected for JMX exposure
2020-02-06 23:51:19.181 INFO  [org.springframework.jmx.export.annotation.AnnotationMBeanExporter-87][] Located MBean 'dataSource': registering with JMX server as MBean [com.alibaba.druid.spring.boot.autoconfigure:name=dataSource,type=DruidDataSourceWrapper]
2020-02-06 23:51:19.194 INFO  [org.apache.coyote.http11.Http11NioProtocol-180][] Starting ProtocolHandler ["http-nio-8888"]
2020-02-06 23:51:19.206 INFO  [org.apache.tomcat.util.net.NioSelectorPool-180][] Using a shared selector for servlet write/read
2020-02-06 23:51:19.228 INFO  [org.springframework.boot.web.embedded.tomcat.TomcatWebServer-87][] Tomcat started on port(s): 8888 (http) with context path ''
2020-02-06 23:51:19.237 INFO  [com.gabriel.stage.StageApplication-87][] Started StageApplication in 10.248 seconds (JVM running for 13.255)
2020-02-06 23:51:41.889 INFO  [org.apache.catalina.core.ContainerBase.[Tomcat].[localhost].[/]-180][] Initializing Spring FrameworkServlet 'dispatcherServlet'
2020-02-06 23:51:41.891 INFO  [org.springframework.web.servlet.DispatcherServlet-87][] FrameworkServlet 'dispatcherServlet': initialization started
2020-02-06 23:51:41.927 INFO  [org.springframework.web.servlet.DispatcherServlet-87][] FrameworkServlet 'dispatcherServlet': initialization completed in 36 ms
2020-02-06 23:51:41.949 INFO  [com.gabriel.stage.config.ThreadLocalFilter-32][] 过滤器执行中
2020-02-06 23:51:44.125 INFO  [com.gabriel.stage.config.SysLogAspect-75][] 【com.gabriel.stage.controller.TestController】类的【test】方法,请求参数：
2020-02-06 23:51:44.261 INFO  [com.gabriel.stage.config.SysLogAspect-84][] 【com.gabriel.stage.controller.TestController】类的【test】方法,返回参数：{"data":"中文乱码","status":0,"success":true}
2020-02-06 23:51:44.261 INFO  [com.gabriel.stage.config.SysLogAspect-87][] 接口【test】总耗时(毫秒)：8
2020-02-06 23:51:44.264 INFO  [com.gabriel.stage.config.SysLogAspect-105][] 请求：null======响应：{"data":"中文乱码","status":0,"success":true}======总耗时(毫秒)：8
2020-02-06 23:51:44.401 INFO  [com.gabriel.stage.config.ThreadLocalFilter-38][] 过滤器执行完成
2020-02-06 23:52:20.790 INFO  [com.gabriel.stage.StageApplication-87][] Starting StageApplication on LAPTOP-201GDMOO with PID 6380 (started by 杨强 in D:\IDEA Project\stage)
2020-02-06 23:52:20.795 INFO  [com.gabriel.stage.StageApplication-87][] No active profile set, falling back to default profiles: default
2020-02-06 23:52:20.885 INFO  [org.springframework.boot.web.servlet.context.AnnotationConfigServletWebServerApplicationContext-87][] Refreshing org.springframework.boot.web.servlet.context.AnnotationConfigServletWebServerApplicationContext@ead359: startup date [Thu Feb 06 23:52:20 CST 2020]; root of context hierarchy
2020-02-06 23:52:21.922 INFO  [org.springframework.data.repository.config.RepositoryConfigurationDelegate-163][] Multiple Spring Data modules found, entering strict repository configuration mode!
2020-02-06 23:52:22.358 INFO  [com.ulisesbocchio.jasyptspringboot.configuration.EnableEncryptablePropertiesBeanFactoryPostProcessor-48][] Post-processing PropertySource instances
2020-02-06 23:52:22.447 INFO  [com.ulisesbocchio.jasyptspringboot.EncryptablePropertySourceConverter-38][] Converting PropertySource configurationProperties [org.springframework.boot.context.properties.source.ConfigurationPropertySourcesPropertySource] to AOP Proxy
2020-02-06 23:52:22.449 INFO  [com.ulisesbocchio.jasyptspringboot.EncryptablePropertySourceConverter-38][] Converting PropertySource servletConfigInitParams [org.springframework.core.env.PropertySource$StubPropertySource] to EncryptablePropertySourceWrapper
2020-02-06 23:52:22.450 INFO  [com.ulisesbocchio.jasyptspringboot.EncryptablePropertySourceConverter-38][] Converting PropertySource servletContextInitParams [org.springframework.core.env.PropertySource$StubPropertySource] to EncryptablePropertySourceWrapper
2020-02-06 23:52:22.451 INFO  [com.ulisesbocchio.jasyptspringboot.EncryptablePropertySourceConverter-38][] Converting PropertySource systemProperties [org.springframework.core.env.MapPropertySource] to EncryptableMapPropertySourceWrapper
2020-02-06 23:52:22.451 INFO  [com.ulisesbocchio.jasyptspringboot.EncryptablePropertySourceConverter-38][] Converting PropertySource systemEnvironment [org.springframework.boot.env.SystemEnvironmentPropertySourceEnvironmentPostProcessor$OriginAwareSystemEnvironmentPropertySource] to EncryptableMapPropertySourceWrapper
2020-02-06 23:52:22.451 INFO  [com.ulisesbocchio.jasyptspringboot.EncryptablePropertySourceConverter-38][] Converting PropertySource random [org.springframework.boot.env.RandomValuePropertySource] to EncryptablePropertySourceWrapper
2020-02-06 23:52:22.451 INFO  [com.ulisesbocchio.jasyptspringboot.EncryptablePropertySourceConverter-38][] Converting PropertySource applicationConfig: [classpath:/application.yml] [org.springframework.boot.env.OriginTrackedMapPropertySource] to EncryptableMapPropertySourceWrapper
2020-02-06 23:52:22.719 INFO  [org.springframework.context.support.PostProcessorRegistrationDelegate$BeanPostProcessorChecker-87][] Bean 'org.springframework.transaction.annotation.ProxyTransactionManagementConfiguration' of type [org.springframework.transaction.annotation.ProxyTransactionManagementConfiguration$$EnhancerBySpringCGLIB$$780e84fe] is not eligible for getting processed by all BeanPostProcessors (for example: not eligible for auto-proxying)
2020-02-06 23:52:23.350 INFO  [org.springframework.boot.web.embedded.tomcat.TomcatWebServer-87][] Tomcat initialized with port(s): 8888 (http)
2020-02-06 23:52:23.367 INFO  [org.apache.coyote.http11.Http11NioProtocol-180][] Initializing ProtocolHandler ["http-nio-8888"]
2020-02-06 23:52:23.385 INFO  [org.apache.catalina.core.StandardService-180][] Starting service [Tomcat]
2020-02-06 23:52:23.385 INFO  [org.apache.catalina.core.StandardEngine-180][] Starting Servlet Engine: Apache Tomcat/8.5.31
2020-02-06 23:52:23.391 INFO  [org.apache.catalina.core.AprLifecycleListener-180][] The APR based Apache Tomcat Native library which allows optimal performance in production environments was not found on the java.library.path: [D:\Java\jdk1.8.0_202\bin;C:\Windows\Sun\Java\bin;C:\Windows\system32;C:\Windows;C:\Program Files (x86)\Common Files\Oracle\Java\javapath;C:\Windows\system32;C:\Windows;C:\Windows\System32\Wbem;C:\Windows\System32\WindowsPowerShell\v1.0\;C:\Windows\System32\OpenSSH\;D:\Java\jdk1.8.0_202\bin;D:\Java\jdk1.8.0_202\jre\bin;D:\SVN\bin;D:\Git\bin;D:\Git\Git\cmd;C:\Users\杨强\AppData\Local\Microsoft\WindowsApps;;D:\IntelliJ IDEA\IntelliJ IDEA 2018.3.5\bin;;D:\PyCharm\PyCharm 2019.3.1\bin;;.]
2020-02-06 23:52:23.570 INFO  [org.apache.catalina.core.ContainerBase.[Tomcat].[localhost].[/]-180][] Initializing Spring embedded WebApplicationContext
2020-02-06 23:52:23.571 INFO  [org.springframework.web.context.ContextLoader-87][] Root WebApplicationContext: initialization completed in 2686 ms
2020-02-06 23:52:23.859 INFO  [org.springframework.boot.web.servlet.ServletRegistrationBean-87][] Servlet dispatcherServlet mapped to [/]
2020-02-06 23:52:23.867 INFO  [org.springframework.boot.web.servlet.FilterRegistrationBean-87][] Mapping filter: 'characterEncodingFilter' to: [/*]
2020-02-06 23:52:23.868 INFO  [org.springframework.boot.web.servlet.FilterRegistrationBean-87][] Mapping filter: 'hiddenHttpMethodFilter' to: [/*]
2020-02-06 23:52:23.869 INFO  [org.springframework.boot.web.servlet.FilterRegistrationBean-87][] Mapping filter: 'httpPutFormContentFilter' to: [/*]
2020-02-06 23:52:23.869 INFO  [org.springframework.boot.web.servlet.FilterRegistrationBean-87][] Mapping filter: 'requestContextFilter' to: [/*]
2020-02-06 23:52:23.869 INFO  [org.springframework.boot.web.servlet.FilterRegistrationBean-87][] Mapping filter: 'threadLocalFilter' to: [/*]
2020-02-06 23:52:23.895 INFO  [com.gabriel.stage.config.ThreadLocalFilter-25][] 过滤器初始化
2020-02-06 23:52:24.112 INFO  [com.alibaba.druid.spring.boot.autoconfigure.DruidDataSourceAutoConfigure-56][] Init DruidDataSource
2020-02-06 23:52:24.254 INFO  [com.ulisesbocchio.jasyptspringboot.resolver.DefaultLazyPropertyResolver-34][] Property Resolver custom Bean not found with name 'encryptablePropertyResolver'. Initializing Default Property Resolver
2020-02-06 23:52:24.257 INFO  [com.ulisesbocchio.jasyptspringboot.detector.DefaultLazyPropertyDetector-31][] Property Detector custom Bean not found with name 'encryptablePropertyDetector'. Initializing Default Property Detector
2020-02-06 23:52:24.274 INFO  [com.ulisesbocchio.jasyptspringboot.encryptor.DefaultLazyEncryptor-33][] String Encryptor custom Bean not found with name 'jasyptStringEncryptor'. Initializing Default String Encryptor
2020-02-06 23:52:24.283 INFO  [com.ulisesbocchio.jasyptspringboot.encryptor.DefaultLazyEncryptor-59][] Encryptor config not found for property jasypt.encryptor.algorithm, using default value: PBEWithMD5AndDES
2020-02-06 23:52:24.284 INFO  [com.ulisesbocchio.jasyptspringboot.encryptor.DefaultLazyEncryptor-59][] Encryptor config not found for property jasypt.encryptor.keyObtentionIterations, using default value: 1000
2020-02-06 23:52:24.284 INFO  [com.ulisesbocchio.jasyptspringboot.encryptor.DefaultLazyEncryptor-59][] Encryptor config not found for property jasypt.encryptor.poolSize, using default value: 1
2020-02-06 23:52:24.284 INFO  [com.ulisesbocchio.jasyptspringboot.encryptor.DefaultLazyEncryptor-59][] Encryptor config not found for property jasypt.encryptor.providerName, using default value: null
2020-02-06 23:52:24.285 INFO  [com.ulisesbocchio.jasyptspringboot.encryptor.DefaultLazyEncryptor-59][] Encryptor config not found for property jasypt.encryptor.providerClassName, using default value: null
2020-02-06 23:52:24.285 INFO  [com.ulisesbocchio.jasyptspringboot.encryptor.DefaultLazyEncryptor-59][] Encryptor config not found for property jasypt.encryptor.saltGeneratorClassname, using default value: org.jasypt.salt.RandomSaltGenerator
2020-02-06 23:52:24.287 INFO  [com.ulisesbocchio.jasyptspringboot.encryptor.DefaultLazyEncryptor-59][] Encryptor config not found for property jasypt.encryptor.stringOutputType, using default value: base64
2020-02-06 23:52:27.124 INFO  [com.alibaba.druid.pool.DruidDataSource-1010][] {dataSource-1} inited
2020-02-06 23:52:28.363 INFO  [com.gabriel.stage.utils.IdGenerator-30][] 当前机器 workerId: 3232235624
2020-02-06 23:52:28.503 INFO  [org.springframework.web.servlet.handler.SimpleUrlHandlerMapping-87][] Mapped URL path [/**/favicon.ico] onto handler of type [class org.springframework.web.servlet.resource.ResourceHttpRequestHandler]
2020-02-06 23:52:28.743 INFO  [org.springframework.web.servlet.mvc.method.annotation.RequestMappingHandlerAdapter-87][] Looking for @ControllerAdvice: org.springframework.boot.web.servlet.context.AnnotationConfigServletWebServerApplicationContext@ead359: startup date [Thu Feb 06 23:52:20 CST 2020]; root of context hierarchy
2020-02-06 23:52:28.822 INFO  [org.springframework.web.servlet.mvc.method.annotation.RequestMappingHandlerMapping-87][] Mapped "{[/v1/api/test],methods=[GET]}" onto public com.gabriel.stage.common.Result com.gabriel.stage.controller.TestController.test()
2020-02-06 23:52:28.823 INFO  [org.springframework.web.servlet.mvc.method.annotation.RequestMappingHandlerMapping-87][] Mapped "{[/v1/api/testTL],methods=[GET]}" onto public java.lang.String com.gabriel.stage.controller.TestController.testThreadLocal()
2020-02-06 23:52:28.824 INFO  [org.springframework.web.servlet.mvc.method.annotation.RequestMappingHandlerMapping-87][] Mapped "{[/v1/api/add],methods=[GET]}" onto public void com.gabriel.stage.controller.TestController.createData()
2020-02-06 23:52:28.844 INFO  [org.springframework.web.servlet.mvc.method.annotation.RequestMappingHandlerMapping-87][] Mapped "{[/error]}" onto public org.springframework.http.ResponseEntity<java.util.Map<java.lang.String, java.lang.Object>> org.springframework.boot.autoconfigure.web.servlet.error.BasicErrorController.error(javax.servlet.http.HttpServletRequest)
2020-02-06 23:52:28.845 INFO  [org.springframework.web.servlet.mvc.method.annotation.RequestMappingHandlerMapping-87][] Mapped "{[/error],produces=[text/html]}" onto public org.springframework.web.servlet.ModelAndView org.springframework.boot.autoconfigure.web.servlet.error.BasicErrorController.errorHtml(javax.servlet.http.HttpServletRequest,javax.servlet.http.HttpServletResponse)
2020-02-06 23:52:28.883 INFO  [org.springframework.web.servlet.handler.SimpleUrlHandlerMapping-87][] Mapped URL path [/webjars/**] onto handler of type [class org.springframework.web.servlet.resource.ResourceHttpRequestHandler]
2020-02-06 23:52:28.883 INFO  [org.springframework.web.servlet.handler.SimpleUrlHandlerMapping-87][] Mapped URL path [/**] onto handler of type [class org.springframework.web.servlet.resource.ResourceHttpRequestHandler]
2020-02-06 23:52:28.904 INFO  [org.springframework.web.servlet.mvc.method.annotation.ExceptionHandlerExceptionResolver-87][] Detected @ExceptionHandler methods in globalExceptionControllerAdvice
2020-02-06 23:52:29.486 INFO  [org.springframework.ui.freemarker.SpringTemplateLoader-87][] SpringTemplateLoader for FreeMarker: using resource loader [org.springframework.boot.web.servlet.context.AnnotationConfigServletWebServerApplicationContext@ead359: startup date [Thu Feb 06 23:52:20 CST 2020]; root of context hierarchy] and template loader path [classpath:/templates/]
2020-02-06 23:52:29.487 INFO  [org.springframework.web.servlet.view.freemarker.FreeMarkerConfigurer-87][] ClassTemplateLoader for Spring macros added to FreeMarker configuration
2020-02-06 23:52:29.746 INFO  [org.springframework.jmx.export.annotation.AnnotationMBeanExporter-87][] Registering beans for JMX exposure on startup
2020-02-06 23:52:29.748 INFO  [org.springframework.jmx.export.annotation.AnnotationMBeanExporter-87][] Bean with name 'dataSource' has been autodetected for JMX exposure
2020-02-06 23:52:29.756 INFO  [org.springframework.jmx.export.annotation.AnnotationMBeanExporter-87][] Located MBean 'dataSource': registering with JMX server as MBean [com.alibaba.druid.spring.boot.autoconfigure:name=dataSource,type=DruidDataSourceWrapper]
2020-02-06 23:52:29.768 INFO  [org.apache.coyote.http11.Http11NioProtocol-180][] Starting ProtocolHandler ["http-nio-8888"]
2020-02-06 23:52:29.781 INFO  [org.apache.tomcat.util.net.NioSelectorPool-180][] Using a shared selector for servlet write/read
2020-02-06 23:52:29.803 INFO  [org.springframework.boot.web.embedded.tomcat.TomcatWebServer-87][] Tomcat started on port(s): 8888 (http) with context path ''
2020-02-06 23:52:29.808 INFO  [com.gabriel.stage.StageApplication-87][] Started StageApplication in 9.654 seconds (JVM running for 11.248)
2020-02-06 23:52:33.835 INFO  [org.apache.catalina.core.ContainerBase.[Tomcat].[localhost].[/]-180][] Initializing Spring FrameworkServlet 'dispatcherServlet'
2020-02-06 23:52:33.836 INFO  [org.springframework.web.servlet.DispatcherServlet-87][] FrameworkServlet 'dispatcherServlet': initialization started
2020-02-06 23:52:33.887 INFO  [org.springframework.web.servlet.DispatcherServlet-87][] FrameworkServlet 'dispatcherServlet': initialization completed in 51 ms
2020-02-06 23:52:33.906 INFO  [com.gabriel.stage.config.ThreadLocalFilter-32][] 过滤器执行中
2020-02-06 23:52:35.106 INFO  [com.gabriel.stage.config.SysLogAspect-75][] 【com.gabriel.stage.controller.TestController】类的【test】方法,请求参数：
2020-02-06 23:52:35.186 INFO  [com.gabriel.stage.config.SysLogAspect-84][] 【com.gabriel.stage.controller.TestController】类的【test】方法,返回参数：{"data":"中文乱码","status":0,"success":true}
2020-02-06 23:52:35.186 INFO  [com.gabriel.stage.config.SysLogAspect-87][] 接口【test】总耗时(毫秒)：8
2020-02-06 23:52:35.189 INFO  [com.gabriel.stage.config.SysLogAspect-105][] 请求：null======响应：{"data":"中文乱码","status":0,"success":true}======总耗时(毫秒)：8
2020-02-06 23:52:35.310 INFO  [com.gabriel.stage.config.ThreadLocalFilter-38][] 过滤器执行完成
2020-02-06 23:53:39.181 INFO  [com.gabriel.stage.StageApplication-87][] Starting StageApplication on LAPTOP-201GDMOO with PID 10832 (started by 杨强 in D:\IDEA Project\stage)
2020-02-06 23:53:39.195 INFO  [com.gabriel.stage.StageApplication-87][] No active profile set, falling back to default profiles: default
2020-02-06 23:53:39.302 INFO  [org.springframework.boot.web.servlet.context.AnnotationConfigServletWebServerApplicationContext-87][] Refreshing org.springframework.boot.web.servlet.context.AnnotationConfigServletWebServerApplicationContext@1872d67: startup date [Thu Feb 06 23:53:39 CST 2020]; root of context hierarchy
2020-02-06 23:53:40.237 INFO  [org.springframework.data.repository.config.RepositoryConfigurationDelegate-163][] Multiple Spring Data modules found, entering strict repository configuration mode!
2020-02-06 23:53:40.647 INFO  [com.ulisesbocchio.jasyptspringboot.configuration.EnableEncryptablePropertiesBeanFactoryPostProcessor-48][] Post-processing PropertySource instances
2020-02-06 23:53:40.736 INFO  [com.ulisesbocchio.jasyptspringboot.EncryptablePropertySourceConverter-38][] Converting PropertySource configurationProperties [org.springframework.boot.context.properties.source.ConfigurationPropertySourcesPropertySource] to AOP Proxy
2020-02-06 23:53:40.738 INFO  [com.ulisesbocchio.jasyptspringboot.EncryptablePropertySourceConverter-38][] Converting PropertySource servletConfigInitParams [org.springframework.core.env.PropertySource$StubPropertySource] to EncryptablePropertySourceWrapper
2020-02-06 23:53:40.738 INFO  [com.ulisesbocchio.jasyptspringboot.EncryptablePropertySourceConverter-38][] Converting PropertySource servletContextInitParams [org.springframework.core.env.PropertySource$StubPropertySource] to EncryptablePropertySourceWrapper
2020-02-06 23:53:40.739 INFO  [com.ulisesbocchio.jasyptspringboot.EncryptablePropertySourceConverter-38][] Converting PropertySource systemProperties [org.springframework.core.env.MapPropertySource] to EncryptableMapPropertySourceWrapper
2020-02-06 23:53:40.740 INFO  [com.ulisesbocchio.jasyptspringboot.EncryptablePropertySourceConverter-38][] Converting PropertySource systemEnvironment [org.springframework.boot.env.SystemEnvironmentPropertySourceEnvironmentPostProcessor$OriginAwareSystemEnvironmentPropertySource] to EncryptableMapPropertySourceWrapper
2020-02-06 23:53:40.740 INFO  [com.ulisesbocchio.jasyptspringboot.EncryptablePropertySourceConverter-38][] Converting PropertySource random [org.springframework.boot.env.RandomValuePropertySource] to EncryptablePropertySourceWrapper
2020-02-06 23:53:40.740 INFO  [com.ulisesbocchio.jasyptspringboot.EncryptablePropertySourceConverter-38][] Converting PropertySource applicationConfig: [classpath:/application.yml] [org.springframework.boot.env.OriginTrackedMapPropertySource] to EncryptableMapPropertySourceWrapper
2020-02-06 23:53:40.955 INFO  [org.springframework.context.support.PostProcessorRegistrationDelegate$BeanPostProcessorChecker-87][] Bean 'org.springframework.transaction.annotation.ProxyTransactionManagementConfiguration' of type [org.springframework.transaction.annotation.ProxyTransactionManagementConfiguration$$EnhancerBySpringCGLIB$$c35f3260] is not eligible for getting processed by all BeanPostProcessors (for example: not eligible for auto-proxying)
2020-02-06 23:53:41.565 INFO  [org.springframework.boot.web.embedded.tomcat.TomcatWebServer-87][] Tomcat initialized with port(s): 8888 (http)
2020-02-06 23:53:41.584 INFO  [org.apache.coyote.http11.Http11NioProtocol-180][] Initializing ProtocolHandler ["http-nio-8888"]
2020-02-06 23:53:41.600 INFO  [org.apache.catalina.core.StandardService-180][] Starting service [Tomcat]
2020-02-06 23:53:41.600 INFO  [org.apache.catalina.core.StandardEngine-180][] Starting Servlet Engine: Apache Tomcat/8.5.31
2020-02-06 23:53:41.606 INFO  [org.apache.catalina.core.AprLifecycleListener-180][] The APR based Apache Tomcat Native library which allows optimal performance in production environments was not found on the java.library.path: [D:\Java\jdk1.8.0_202\bin;C:\Windows\Sun\Java\bin;C:\Windows\system32;C:\Windows;C:\Program Files (x86)\Common Files\Oracle\Java\javapath;C:\Windows\system32;C:\Windows;C:\Windows\System32\Wbem;C:\Windows\System32\WindowsPowerShell\v1.0\;C:\Windows\System32\OpenSSH\;D:\Java\jdk1.8.0_202\bin;D:\Java\jdk1.8.0_202\jre\bin;D:\SVN\bin;D:\Git\bin;D:\Git\Git\cmd;C:\Users\杨强\AppData\Local\Microsoft\WindowsApps;;D:\IntelliJ IDEA\IntelliJ IDEA 2018.3.5\bin;;D:\PyCharm\PyCharm 2019.3.1\bin;;.]
2020-02-06 23:53:41.776 INFO  [org.apache.catalina.core.ContainerBase.[Tomcat].[localhost].[/]-180][] Initializing Spring embedded WebApplicationContext
2020-02-06 23:53:41.777 INFO  [org.springframework.web.context.ContextLoader-87][] Root WebApplicationContext: initialization completed in 2475 ms
2020-02-06 23:53:42.059 INFO  [org.springframework.boot.web.servlet.ServletRegistrationBean-87][] Servlet dispatcherServlet mapped to [/]
2020-02-06 23:53:42.065 INFO  [org.springframework.boot.web.servlet.FilterRegistrationBean-87][] Mapping filter: 'characterEncodingFilter' to: [/*]
2020-02-06 23:53:42.066 INFO  [org.springframework.boot.web.servlet.FilterRegistrationBean-87][] Mapping filter: 'hiddenHttpMethodFilter' to: [/*]
2020-02-06 23:53:42.066 INFO  [org.springframework.boot.web.servlet.FilterRegistrationBean-87][] Mapping filter: 'httpPutFormContentFilter' to: [/*]
2020-02-06 23:53:42.067 INFO  [org.springframework.boot.web.servlet.FilterRegistrationBean-87][] Mapping filter: 'requestContextFilter' to: [/*]
2020-02-06 23:53:42.067 INFO  [org.springframework.boot.web.servlet.FilterRegistrationBean-87][] Mapping filter: 'threadLocalFilter' to: [/*]
2020-02-06 23:53:42.087 INFO  [com.gabriel.stage.config.ThreadLocalFilter-25][] 过滤器初始化
2020-02-06 23:53:42.299 INFO  [com.alibaba.druid.spring.boot.autoconfigure.DruidDataSourceAutoConfigure-56][] Init DruidDataSource
2020-02-06 23:53:42.429 INFO  [com.ulisesbocchio.jasyptspringboot.resolver.DefaultLazyPropertyResolver-34][] Property Resolver custom Bean not found with name 'encryptablePropertyResolver'. Initializing Default Property Resolver
2020-02-06 23:53:42.432 INFO  [com.ulisesbocchio.jasyptspringboot.detector.DefaultLazyPropertyDetector-31][] Property Detector custom Bean not found with name 'encryptablePropertyDetector'. Initializing Default Property Detector
2020-02-06 23:53:42.439 INFO  [com.ulisesbocchio.jasyptspringboot.encryptor.DefaultLazyEncryptor-33][] String Encryptor custom Bean not found with name 'jasyptStringEncryptor'. Initializing Default String Encryptor
2020-02-06 23:53:42.448 INFO  [com.ulisesbocchio.jasyptspringboot.encryptor.DefaultLazyEncryptor-59][] Encryptor config not found for property jasypt.encryptor.algorithm, using default value: PBEWithMD5AndDES
2020-02-06 23:53:42.449 INFO  [com.ulisesbocchio.jasyptspringboot.encryptor.DefaultLazyEncryptor-59][] Encryptor config not found for property jasypt.encryptor.keyObtentionIterations, using default value: 1000
2020-02-06 23:53:42.449 INFO  [com.ulisesbocchio.jasyptspringboot.encryptor.DefaultLazyEncryptor-59][] Encryptor config not found for property jasypt.encryptor.poolSize, using default value: 1
2020-02-06 23:53:42.449 INFO  [com.ulisesbocchio.jasyptspringboot.encryptor.DefaultLazyEncryptor-59][] Encryptor config not found for property jasypt.encryptor.providerName, using default value: null
2020-02-06 23:53:42.450 INFO  [com.ulisesbocchio.jasyptspringboot.encryptor.DefaultLazyEncryptor-59][] Encryptor config not found for property jasypt.encryptor.providerClassName, using default value: null
2020-02-06 23:53:42.450 INFO  [com.ulisesbocchio.jasyptspringboot.encryptor.DefaultLazyEncryptor-59][] Encryptor config not found for property jasypt.encryptor.saltGeneratorClassname, using default value: org.jasypt.salt.RandomSaltGenerator
2020-02-06 23:53:42.451 INFO  [com.ulisesbocchio.jasyptspringboot.encryptor.DefaultLazyEncryptor-59][] Encryptor config not found for property jasypt.encryptor.stringOutputType, using default value: base64
2020-02-06 23:53:45.222 INFO  [com.alibaba.druid.pool.DruidDataSource-1010][] {dataSource-1} inited
2020-02-06 23:53:46.545 INFO  [com.gabriel.stage.utils.IdGenerator-30][] 当前机器 workerId: 3232235624
2020-02-06 23:53:46.682 INFO  [org.springframework.web.servlet.handler.SimpleUrlHandlerMapping-87][] Mapped URL path [/**/favicon.ico] onto handler of type [class org.springframework.web.servlet.resource.ResourceHttpRequestHandler]
2020-02-06 23:53:46.917 INFO  [org.springframework.web.servlet.mvc.method.annotation.RequestMappingHandlerAdapter-87][] Looking for @ControllerAdvice: org.springframework.boot.web.servlet.context.AnnotationConfigServletWebServerApplicationContext@1872d67: startup date [Thu Feb 06 23:53:39 CST 2020]; root of context hierarchy
2020-02-06 23:53:47.001 INFO  [org.springframework.web.servlet.mvc.method.annotation.RequestMappingHandlerMapping-87][] Mapped "{[/v1/api/test],methods=[GET]}" onto public com.gabriel.stage.common.Result com.gabriel.stage.controller.TestController.test()
2020-02-06 23:53:47.002 INFO  [org.springframework.web.servlet.mvc.method.annotation.RequestMappingHandlerMapping-87][] Mapped "{[/v1/api/add],methods=[GET]}" onto public void com.gabriel.stage.controller.TestController.createData()
2020-02-06 23:53:47.003 INFO  [org.springframework.web.servlet.mvc.method.annotation.RequestMappingHandlerMapping-87][] Mapped "{[/v1/api/testTL],methods=[GET]}" onto public java.lang.String com.gabriel.stage.controller.TestController.testThreadLocal()
2020-02-06 23:53:47.007 INFO  [org.springframework.web.servlet.mvc.method.annotation.RequestMappingHandlerMapping-87][] Mapped "{[/error]}" onto public org.springframework.http.ResponseEntity<java.util.Map<java.lang.String, java.lang.Object>> org.springframework.boot.autoconfigure.web.servlet.error.BasicErrorController.error(javax.servlet.http.HttpServletRequest)
2020-02-06 23:53:47.008 INFO  [org.springframework.web.servlet.mvc.method.annotation.RequestMappingHandlerMapping-87][] Mapped "{[/error],produces=[text/html]}" onto public org.springframework.web.servlet.ModelAndView org.springframework.boot.autoconfigure.web.servlet.error.BasicErrorController.errorHtml(javax.servlet.http.HttpServletRequest,javax.servlet.http.HttpServletResponse)
2020-02-06 23:53:47.060 INFO  [org.springframework.web.servlet.handler.SimpleUrlHandlerMapping-87][] Mapped URL path [/webjars/**] onto handler of type [class org.springframework.web.servlet.resource.ResourceHttpRequestHandler]
2020-02-06 23:53:47.061 INFO  [org.springframework.web.servlet.handler.SimpleUrlHandlerMapping-87][] Mapped URL path [/**] onto handler of type [class org.springframework.web.servlet.resource.ResourceHttpRequestHandler]
2020-02-06 23:53:47.083 INFO  [org.springframework.web.servlet.mvc.method.annotation.ExceptionHandlerExceptionResolver-87][] Detected @ExceptionHandler methods in globalExceptionControllerAdvice
2020-02-06 23:53:47.672 INFO  [org.springframework.ui.freemarker.SpringTemplateLoader-87][] SpringTemplateLoader for FreeMarker: using resource loader [org.springframework.boot.web.servlet.context.AnnotationConfigServletWebServerApplicationContext@1872d67: startup date [Thu Feb 06 23:53:39 CST 2020]; root of context hierarchy] and template loader path [classpath:/templates/]
2020-02-06 23:53:47.674 INFO  [org.springframework.web.servlet.view.freemarker.FreeMarkerConfigurer-87][] ClassTemplateLoader for Spring macros added to FreeMarker configuration
2020-02-06 23:53:47.942 INFO  [org.springframework.jmx.export.annotation.AnnotationMBeanExporter-87][] Registering beans for JMX exposure on startup
2020-02-06 23:53:47.944 INFO  [org.springframework.jmx.export.annotation.AnnotationMBeanExporter-87][] Bean with name 'dataSource' has been autodetected for JMX exposure
2020-02-06 23:53:47.952 INFO  [org.springframework.jmx.export.annotation.AnnotationMBeanExporter-87][] Located MBean 'dataSource': registering with JMX server as MBean [com.alibaba.druid.spring.boot.autoconfigure:name=dataSource,type=DruidDataSourceWrapper]
2020-02-06 23:53:47.964 INFO  [org.apache.coyote.http11.Http11NioProtocol-180][] Starting ProtocolHandler ["http-nio-8888"]
2020-02-06 23:53:47.976 INFO  [org.apache.tomcat.util.net.NioSelectorPool-180][] Using a shared selector for servlet write/read
2020-02-06 23:53:47.996 INFO  [org.springframework.boot.web.embedded.tomcat.TomcatWebServer-87][] Tomcat started on port(s): 8888 (http) with context path ''
2020-02-06 23:53:48.002 INFO  [com.gabriel.stage.StageApplication-87][] Started StageApplication in 9.434 seconds (JVM running for 11.077)
2020-02-06 23:54:12.540 INFO  [org.apache.catalina.core.ContainerBase.[Tomcat].[localhost].[/]-180][] Initializing Spring FrameworkServlet 'dispatcherServlet'
2020-02-06 23:54:12.541 INFO  [org.springframework.web.servlet.DispatcherServlet-87][] FrameworkServlet 'dispatcherServlet': initialization started
2020-02-06 23:54:12.578 INFO  [org.springframework.web.servlet.DispatcherServlet-87][] FrameworkServlet 'dispatcherServlet': initialization completed in 37 ms
2020-02-06 23:54:12.611 INFO  [com.gabriel.stage.config.ThreadLocalFilter-32][] 过滤器执行中
2020-02-06 23:54:14.505 INFO  [com.gabriel.stage.config.SysLogAspect-75][] 【com.gabriel.stage.controller.TestController】类的【test】方法,请求参数：
2020-02-06 23:54:14.510 INFO  [com.gabriel.stage.controller.TestController-43][] 测试MDC追踪日志
2020-02-06 23:54:14.594 INFO  [com.gabriel.stage.config.SysLogAspect-84][] 【com.gabriel.stage.controller.TestController】类的【test】方法,返回参数：{"data":"中文乱码","status":0,"success":true}
2020-02-06 23:54:14.595 INFO  [com.gabriel.stage.config.SysLogAspect-87][] 接口【test】总耗时(毫秒)：8
2020-02-06 23:54:14.598 INFO  [com.gabriel.stage.config.SysLogAspect-105][] 请求：null======响应：{"data":"中文乱码","status":0,"success":true}======总耗时(毫秒)：8
2020-02-06 23:54:14.732 INFO  [com.gabriel.stage.config.ThreadLocalFilter-38][] 过滤器执行完成
2020-02-06 23:54:53.811 INFO  [com.gabriel.stage.StageApplication-87][] Starting StageApplication on LAPTOP-201GDMOO with PID 2128 (started by 杨强 in D:\IDEA Project\stage)
2020-02-06 23:54:53.817 INFO  [com.gabriel.stage.StageApplication-87][] No active profile set, falling back to default profiles: default
2020-02-06 23:54:53.924 INFO  [org.springframework.boot.web.servlet.context.AnnotationConfigServletWebServerApplicationContext-87][] Refreshing org.springframework.boot.web.servlet.context.AnnotationConfigServletWebServerApplicationContext@1fb172e: startup date [Thu Feb 06 23:54:53 CST 2020]; root of context hierarchy
2020-02-06 23:54:54.935 INFO  [org.springframework.data.repository.config.RepositoryConfigurationDelegate-163][] Multiple Spring Data modules found, entering strict repository configuration mode!
2020-02-06 23:54:55.372 INFO  [com.ulisesbocchio.jasyptspringboot.configuration.EnableEncryptablePropertiesBeanFactoryPostProcessor-48][] Post-processing PropertySource instances
2020-02-06 23:54:55.445 INFO  [com.ulisesbocchio.jasyptspringboot.EncryptablePropertySourceConverter-38][] Converting PropertySource configurationProperties [org.springframework.boot.context.properties.source.ConfigurationPropertySourcesPropertySource] to AOP Proxy
2020-02-06 23:54:55.447 INFO  [com.ulisesbocchio.jasyptspringboot.EncryptablePropertySourceConverter-38][] Converting PropertySource servletConfigInitParams [org.springframework.core.env.PropertySource$StubPropertySource] to EncryptablePropertySourceWrapper
2020-02-06 23:54:55.447 INFO  [com.ulisesbocchio.jasyptspringboot.EncryptablePropertySourceConverter-38][] Converting PropertySource servletContextInitParams [org.springframework.core.env.PropertySource$StubPropertySource] to EncryptablePropertySourceWrapper
2020-02-06 23:54:55.448 INFO  [com.ulisesbocchio.jasyptspringboot.EncryptablePropertySourceConverter-38][] Converting PropertySource systemProperties [org.springframework.core.env.MapPropertySource] to EncryptableMapPropertySourceWrapper
2020-02-06 23:54:55.448 INFO  [com.ulisesbocchio.jasyptspringboot.EncryptablePropertySourceConverter-38][] Converting PropertySource systemEnvironment [org.springframework.boot.env.SystemEnvironmentPropertySourceEnvironmentPostProcessor$OriginAwareSystemEnvironmentPropertySource] to EncryptableMapPropertySourceWrapper
2020-02-06 23:54:55.448 INFO  [com.ulisesbocchio.jasyptspringboot.EncryptablePropertySourceConverter-38][] Converting PropertySource random [org.springframework.boot.env.RandomValuePropertySource] to EncryptablePropertySourceWrapper
2020-02-06 23:54:55.449 INFO  [com.ulisesbocchio.jasyptspringboot.EncryptablePropertySourceConverter-38][] Converting PropertySource applicationConfig: [classpath:/application.yml] [org.springframework.boot.env.OriginTrackedMapPropertySource] to EncryptableMapPropertySourceWrapper
2020-02-06 23:54:55.651 INFO  [org.springframework.context.support.PostProcessorRegistrationDelegate$BeanPostProcessorChecker-87][] Bean 'org.springframework.transaction.annotation.ProxyTransactionManagementConfiguration' of type [org.springframework.transaction.annotation.ProxyTransactionManagementConfiguration$$EnhancerBySpringCGLIB$$f4b493c3] is not eligible for getting processed by all BeanPostProcessors (for example: not eligible for auto-proxying)
2020-02-06 23:54:56.264 INFO  [org.springframework.boot.web.embedded.tomcat.TomcatWebServer-87][] Tomcat initialized with port(s): 8888 (http)
2020-02-06 23:54:56.280 INFO  [org.apache.coyote.http11.Http11NioProtocol-180][] Initializing ProtocolHandler ["http-nio-8888"]
2020-02-06 23:54:56.296 INFO  [org.apache.catalina.core.StandardService-180][] Starting service [Tomcat]
2020-02-06 23:54:56.297 INFO  [org.apache.catalina.core.StandardEngine-180][] Starting Servlet Engine: Apache Tomcat/8.5.31
2020-02-06 23:54:56.303 INFO  [org.apache.catalina.core.AprLifecycleListener-180][] The APR based Apache Tomcat Native library which allows optimal performance in production environments was not found on the java.library.path: [D:\Java\jdk1.8.0_202\bin;C:\Windows\Sun\Java\bin;C:\Windows\system32;C:\Windows;C:\Program Files (x86)\Common Files\Oracle\Java\javapath;C:\Windows\system32;C:\Windows;C:\Windows\System32\Wbem;C:\Windows\System32\WindowsPowerShell\v1.0\;C:\Windows\System32\OpenSSH\;D:\Java\jdk1.8.0_202\bin;D:\Java\jdk1.8.0_202\jre\bin;D:\SVN\bin;D:\Git\bin;D:\Git\Git\cmd;C:\Users\杨强\AppData\Local\Microsoft\WindowsApps;;D:\IntelliJ IDEA\IntelliJ IDEA 2018.3.5\bin;;D:\PyCharm\PyCharm 2019.3.1\bin;;.]
2020-02-06 23:54:56.464 INFO  [org.apache.catalina.core.ContainerBase.[Tomcat].[localhost].[/]-180][] Initializing Spring embedded WebApplicationContext
2020-02-06 23:54:56.465 INFO  [org.springframework.web.context.ContextLoader-87][] Root WebApplicationContext: initialization completed in 2540 ms
2020-02-06 23:54:56.754 INFO  [org.springframework.boot.web.servlet.ServletRegistrationBean-87][] Servlet dispatcherServlet mapped to [/]
2020-02-06 23:54:56.760 INFO  [org.springframework.boot.web.servlet.FilterRegistrationBean-87][] Mapping filter: 'characterEncodingFilter' to: [/*]
2020-02-06 23:54:56.761 INFO  [org.springframework.boot.web.servlet.FilterRegistrationBean-87][] Mapping filter: 'hiddenHttpMethodFilter' to: [/*]
2020-02-06 23:54:56.761 INFO  [org.springframework.boot.web.servlet.FilterRegistrationBean-87][] Mapping filter: 'httpPutFormContentFilter' to: [/*]
2020-02-06 23:54:56.761 INFO  [org.springframework.boot.web.servlet.FilterRegistrationBean-87][] Mapping filter: 'requestContextFilter' to: [/*]
2020-02-06 23:54:56.762 INFO  [org.springframework.boot.web.servlet.FilterRegistrationBean-87][] Mapping filter: 'threadLocalFilter' to: [/*]
2020-02-06 23:54:56.779 INFO  [com.gabriel.stage.config.ThreadLocalFilter-25][] 过滤器初始化
2020-02-06 23:54:56.998 INFO  [com.alibaba.druid.spring.boot.autoconfigure.DruidDataSourceAutoConfigure-56][] Init DruidDataSource
2020-02-06 23:54:57.134 INFO  [com.ulisesbocchio.jasyptspringboot.resolver.DefaultLazyPropertyResolver-34][] Property Resolver custom Bean not found with name 'encryptablePropertyResolver'. Initializing Default Property Resolver
2020-02-06 23:54:57.138 INFO  [com.ulisesbocchio.jasyptspringboot.detector.DefaultLazyPropertyDetector-31][] Property Detector custom Bean not found with name 'encryptablePropertyDetector'. Initializing Default Property Detector
2020-02-06 23:54:57.156 INFO  [com.ulisesbocchio.jasyptspringboot.encryptor.DefaultLazyEncryptor-33][] String Encryptor custom Bean not found with name 'jasyptStringEncryptor'. Initializing Default String Encryptor
2020-02-06 23:54:57.168 INFO  [com.ulisesbocchio.jasyptspringboot.encryptor.DefaultLazyEncryptor-59][] Encryptor config not found for property jasypt.encryptor.algorithm, using default value: PBEWithMD5AndDES
2020-02-06 23:54:57.169 INFO  [com.ulisesbocchio.jasyptspringboot.encryptor.DefaultLazyEncryptor-59][] Encryptor config not found for property jasypt.encryptor.keyObtentionIterations, using default value: 1000
2020-02-06 23:54:57.170 INFO  [com.ulisesbocchio.jasyptspringboot.encryptor.DefaultLazyEncryptor-59][] Encryptor config not found for property jasypt.encryptor.poolSize, using default value: 1
2020-02-06 23:54:57.170 INFO  [com.ulisesbocchio.jasyptspringboot.encryptor.DefaultLazyEncryptor-59][] Encryptor config not found for property jasypt.encryptor.providerName, using default value: null
2020-02-06 23:54:57.170 INFO  [com.ulisesbocchio.jasyptspringboot.encryptor.DefaultLazyEncryptor-59][] Encryptor config not found for property jasypt.encryptor.providerClassName, using default value: null
2020-02-06 23:54:57.171 INFO  [com.ulisesbocchio.jasyptspringboot.encryptor.DefaultLazyEncryptor-59][] Encryptor config not found for property jasypt.encryptor.saltGeneratorClassname, using default value: org.jasypt.salt.RandomSaltGenerator
2020-02-06 23:54:57.172 INFO  [com.ulisesbocchio.jasyptspringboot.encryptor.DefaultLazyEncryptor-59][] Encryptor config not found for property jasypt.encryptor.stringOutputType, using default value: base64
2020-02-06 23:54:59.983 INFO  [com.alibaba.druid.pool.DruidDataSource-1010][] {dataSource-1} inited
2020-02-06 23:55:01.235 INFO  [com.gabriel.stage.utils.IdGenerator-30][] 当前机器 workerId: 3232235624
2020-02-06 23:55:01.368 INFO  [org.springframework.web.servlet.handler.SimpleUrlHandlerMapping-87][] Mapped URL path [/**/favicon.ico] onto handler of type [class org.springframework.web.servlet.resource.ResourceHttpRequestHandler]
2020-02-06 23:55:01.595 INFO  [org.springframework.web.servlet.mvc.method.annotation.RequestMappingHandlerAdapter-87][] Looking for @ControllerAdvice: org.springframework.boot.web.servlet.context.AnnotationConfigServletWebServerApplicationContext@1fb172e: startup date [Thu Feb 06 23:54:53 CST 2020]; root of context hierarchy
2020-02-06 23:55:01.673 INFO  [org.springframework.web.servlet.mvc.method.annotation.RequestMappingHandlerMapping-87][] Mapped "{[/v1/api/test],methods=[GET]}" onto public com.gabriel.stage.common.Result com.gabriel.stage.controller.TestController.test()
2020-02-06 23:55:01.674 INFO  [org.springframework.web.servlet.mvc.method.annotation.RequestMappingHandlerMapping-87][] Mapped "{[/v1/api/testTL],methods=[GET]}" onto public java.lang.String com.gabriel.stage.controller.TestController.testThreadLocal()
2020-02-06 23:55:01.675 INFO  [org.springframework.web.servlet.mvc.method.annotation.RequestMappingHandlerMapping-87][] Mapped "{[/v1/api/add],methods=[GET]}" onto public void com.gabriel.stage.controller.TestController.createData()
2020-02-06 23:55:01.679 INFO  [org.springframework.web.servlet.mvc.method.annotation.RequestMappingHandlerMapping-87][] Mapped "{[/error]}" onto public org.springframework.http.ResponseEntity<java.util.Map<java.lang.String, java.lang.Object>> org.springframework.boot.autoconfigure.web.servlet.error.BasicErrorController.error(javax.servlet.http.HttpServletRequest)
2020-02-06 23:55:01.680 INFO  [org.springframework.web.servlet.mvc.method.annotation.RequestMappingHandlerMapping-87][] Mapped "{[/error],produces=[text/html]}" onto public org.springframework.web.servlet.ModelAndView org.springframework.boot.autoconfigure.web.servlet.error.BasicErrorController.errorHtml(javax.servlet.http.HttpServletRequest,javax.servlet.http.HttpServletResponse)
2020-02-06 23:55:01.735 INFO  [org.springframework.web.servlet.handler.SimpleUrlHandlerMapping-87][] Mapped URL path [/webjars/**] onto handler of type [class org.springframework.web.servlet.resource.ResourceHttpRequestHandler]
2020-02-06 23:55:01.736 INFO  [org.springframework.web.servlet.handler.SimpleUrlHandlerMapping-87][] Mapped URL path [/**] onto handler of type [class org.springframework.web.servlet.resource.ResourceHttpRequestHandler]
2020-02-06 23:55:01.759 INFO  [org.springframework.web.servlet.mvc.method.annotation.ExceptionHandlerExceptionResolver-87][] Detected @ExceptionHandler methods in globalExceptionControllerAdvice
2020-02-06 23:55:02.346 INFO  [org.springframework.ui.freemarker.SpringTemplateLoader-87][] SpringTemplateLoader for FreeMarker: using resource loader [org.springframework.boot.web.servlet.context.AnnotationConfigServletWebServerApplicationContext@1fb172e: startup date [Thu Feb 06 23:54:53 CST 2020]; root of context hierarchy] and template loader path [classpath:/templates/]
2020-02-06 23:55:02.347 INFO  [org.springframework.web.servlet.view.freemarker.FreeMarkerConfigurer-87][] ClassTemplateLoader for Spring macros added to FreeMarker configuration
2020-02-06 23:55:02.609 INFO  [org.springframework.jmx.export.annotation.AnnotationMBeanExporter-87][] Registering beans for JMX exposure on startup
2020-02-06 23:55:02.611 INFO  [org.springframework.jmx.export.annotation.AnnotationMBeanExporter-87][] Bean with name 'dataSource' has been autodetected for JMX exposure
2020-02-06 23:55:02.619 INFO  [org.springframework.jmx.export.annotation.AnnotationMBeanExporter-87][] Located MBean 'dataSource': registering with JMX server as MBean [com.alibaba.druid.spring.boot.autoconfigure:name=dataSource,type=DruidDataSourceWrapper]
2020-02-06 23:55:02.631 INFO  [org.apache.coyote.http11.Http11NioProtocol-180][] Starting ProtocolHandler ["http-nio-8888"]
2020-02-06 23:55:02.643 INFO  [org.apache.tomcat.util.net.NioSelectorPool-180][] Using a shared selector for servlet write/read
2020-02-06 23:55:02.661 INFO  [org.springframework.boot.web.embedded.tomcat.TomcatWebServer-87][] Tomcat started on port(s): 8888 (http) with context path ''
2020-02-06 23:55:02.667 INFO  [com.gabriel.stage.StageApplication-87][] Started StageApplication in 9.466 seconds (JVM running for 11.297)
2020-02-06 23:55:14.544 INFO  [org.apache.catalina.core.ContainerBase.[Tomcat].[localhost].[/]-180][] Initializing Spring FrameworkServlet 'dispatcherServlet'
2020-02-06 23:55:14.545 INFO  [org.springframework.web.servlet.DispatcherServlet-87][] FrameworkServlet 'dispatcherServlet': initialization started
2020-02-06 23:55:14.602 INFO  [org.springframework.web.servlet.DispatcherServlet-87][] FrameworkServlet 'dispatcherServlet': initialization completed in 57 ms
2020-02-06 23:55:14.618 INFO  [com.gabriel.stage.config.ThreadLocalFilter-32][3f66a9bc-b5c7-4aa1-a60b-dd639dec0566] 过滤器执行中
2020-02-06 23:55:15.945 INFO  [com.gabriel.stage.config.SysLogAspect-75][3f66a9bc-b5c7-4aa1-a60b-dd639dec0566] 【com.gabriel.stage.controller.TestController】类的【test】方法,请求参数：
2020-02-06 23:55:15.950 INFO  [com.gabriel.stage.controller.TestController-43][3f66a9bc-b5c7-4aa1-a60b-dd639dec0566] 测试MDC追踪日志
2020-02-06 23:55:16.026 INFO  [com.gabriel.stage.config.SysLogAspect-84][3f66a9bc-b5c7-4aa1-a60b-dd639dec0566] 【com.gabriel.stage.controller.TestController】类的【test】方法,返回参数：{"data":"中文乱码","status":0,"success":true}
2020-02-06 23:55:16.027 INFO  [com.gabriel.stage.config.SysLogAspect-87][3f66a9bc-b5c7-4aa1-a60b-dd639dec0566] 接口【test】总耗时(毫秒)：8
2020-02-06 23:55:16.031 INFO  [com.gabriel.stage.config.SysLogAspect-105][3f66a9bc-b5c7-4aa1-a60b-dd639dec0566] 请求：null======响应：{"data":"中文乱码","status":0,"success":true}======总耗时(毫秒)：8
2020-02-06 23:55:16.152 INFO  [com.gabriel.stage.config.ThreadLocalFilter-38][3f66a9bc-b5c7-4aa1-a60b-dd639dec0566] 过滤器执行完成
2020-02-06 23:55:34.400 INFO  [com.gabriel.stage.config.ThreadLocalFilter-32][958fede2-9855-4ee2-931f-255e4a8eaf48] 过滤器执行中
2020-02-06 23:55:35.824 INFO  [com.gabriel.stage.config.SysLogAspect-75][958fede2-9855-4ee2-931f-255e4a8eaf48] 【com.gabriel.stage.controller.TestController】类的【test】方法,请求参数：
2020-02-06 23:55:35.825 INFO  [com.gabriel.stage.controller.TestController-43][958fede2-9855-4ee2-931f-255e4a8eaf48] 测试MDC追踪日志
2020-02-06 23:55:35.826 INFO  [com.gabriel.stage.config.SysLogAspect-84][958fede2-9855-4ee2-931f-255e4a8eaf48] 【com.gabriel.stage.controller.TestController】类的【test】方法,返回参数：{"data":"中文乱码","status":0,"success":true}
2020-02-06 23:55:35.826 INFO  [com.gabriel.stage.config.SysLogAspect-87][958fede2-9855-4ee2-931f-255e4a8eaf48] 接口【test】总耗时(毫秒)：2
2020-02-06 23:55:35.827 INFO  [com.gabriel.stage.config.SysLogAspect-105][958fede2-9855-4ee2-931f-255e4a8eaf48] 请求：null======响应：{"data":"中文乱码","status":0,"success":true}======总耗时(毫秒)：2
2020-02-06 23:55:35.830 INFO  [com.gabriel.stage.config.ThreadLocalFilter-38][958fede2-9855-4ee2-931f-255e4a8eaf48] 过滤器执行完成
